0 info it worked if it ends with ok
1 verbose cli [ 'C:\\Program Files\\nodejs\\node.exe',
1 verbose cli   'C:\\Program Files\\nodejs\\node_modules\\npm\\bin\\npm-cli.js',
1 verbose cli   'install',
1 verbose cli   'grunt-ttfautohint',
1 verbose cli   '--save-dev' ]
2 info using npm@2.14.7
3 info using node@v4.2.3
4 verbose install initial load of C:\wamp\www\package.json
5 verbose installManyTop reading scoped package data from C:\wamp\www\node_modules\abbrev\package.json
6 verbose installManyTop reading scoped package data from C:\wamp\www\node_modules\angular-moment\package.json
7 verbose installManyTop reading scoped package data from C:\wamp\www\node_modules\async\package.json
8 verbose installManyTop reading scoped package data from C:\wamp\www\node_modules\autoprefixer\package.json
9 verbose installManyTop reading scoped package data from C:\wamp\www\node_modules\cssmin\package.json
10 verbose installManyTop reading scoped package data from C:\wamp\www\node_modules\cssnano\package.json
11 verbose installManyTop reading scoped package data from C:\wamp\www\node_modules\grunt\package.json
12 verbose installManyTop reading scoped package data from C:\wamp\www\node_modules\grunt-angular-templates\package.json
13 verbose installManyTop reading scoped package data from C:\wamp\www\node_modules\grunt-autoprefixer\package.json
14 verbose installManyTop reading scoped package data from C:\wamp\www\node_modules\grunt-bower-concat\package.json
15 verbose installManyTop reading scoped package data from C:\wamp\www\node_modules\grunt-contrib-clean\package.json
16 verbose installManyTop reading scoped package data from C:\wamp\www\node_modules\grunt-contrib-compass\package.json
17 verbose installManyTop reading scoped package data from C:\wamp\www\node_modules\grunt-contrib-concat\package.json
18 verbose installManyTop reading scoped package data from C:\wamp\www\node_modules\grunt-contrib-copy\package.json
19 verbose installManyTop reading scoped package data from C:\wamp\www\node_modules\grunt-contrib-cssmin\package.json
20 verbose installManyTop reading scoped package data from C:\wamp\www\node_modules\grunt-contrib-sass\package.json
21 verbose installManyTop reading scoped package data from C:\wamp\www\node_modules\grunt-contrib-uglify\package.json
22 verbose installManyTop reading scoped package data from C:\wamp\www\node_modules\grunt-contrib-watch\package.json
23 verbose installManyTop reading scoped package data from C:\wamp\www\node_modules\grunt-filerev\package.json
24 verbose installManyTop reading scoped package data from C:\wamp\www\node_modules\grunt-ftp-deploy\package.json
25 verbose installManyTop reading scoped package data from C:\wamp\www\node_modules\grunt-html-snapshot\package.json
26 verbose installManyTop reading scoped package data from C:\wamp\www\node_modules\grunt-iconfont\package.json
27 verbose installManyTop reading scoped package data from C:\wamp\www\node_modules\grunt-injector\package.json
28 verbose installManyTop reading scoped package data from C:\wamp\www\node_modules\grunt-postcss\package.json
29 verbose installManyTop reading scoped package data from C:\wamp\www\node_modules\grunt-purifycss\package.json
30 verbose installManyTop reading scoped package data from C:\wamp\www\node_modules\grunt-rsync\package.json
31 verbose installManyTop reading scoped package data from C:\wamp\www\node_modules\grunt-scp\package.json
32 verbose installManyTop reading scoped package data from C:\wamp\www\node_modules\grunt-svg-css\package.json
33 verbose installManyTop reading scoped package data from C:\wamp\www\node_modules\grunt-uncss\package.json
34 verbose installManyTop reading scoped package data from C:\wamp\www\node_modules\grunt-webfont\package.json
35 verbose installManyTop reading scoped package data from C:\wamp\www\node_modules\grunt-wiredep\package.json
36 verbose installManyTop reading scoped package data from C:\wamp\www\node_modules\inherits\package.json
37 verbose installManyTop reading scoped package data from C:\wamp\www\node_modules\install\package.json
38 verbose installManyTop reading scoped package data from C:\wamp\www\node_modules\lru-cache\package.json
39 verbose installManyTop reading scoped package data from C:\wamp\www\node_modules\moment\package.json
40 verbose installManyTop reading scoped package data from C:\wamp\www\node_modules\npm\package.json
41 verbose installManyTop reading scoped package data from C:\wamp\www\node_modules\sigmund\package.json
42 verbose installManyTop reading scoped package data from C:\wamp\www\node_modules\uglify\package.json
43 info package.json grunt-angular-templates@0.5.7 No license field.
44 info package.json grunt-purifycss@0.1.0 No README data
45 info package.json grunt-purifycss@0.1.0 No license field.
46 info package.json grunt-svg-css@0.2.8 No license field.
47 info package.json uglify@0.1.5 No license field.
48 info package.json angular-moment@0.10.3 No license field.
49 info package.json cssmin@0.4.3 No license field.
50 info package.json grunt@0.4.5 No license field.
51 info package.json grunt-contrib-concat@0.5.1 No license field.
52 info package.json grunt-contrib-sass@0.9.2 No license field.
53 info package.json grunt-filerev@2.3.1 license should be a valid SPDX license expression
54 info package.json grunt-contrib-watch@0.6.1 No license field.
55 info package.json grunt-ftp-deploy@0.1.10 No license field.
56 info package.json grunt-html-snapshot@0.6.1 No license field.
57 info package.json grunt-injector@0.6.1 No license field.
58 info package.json grunt-scp@0.1.8 No license field.
59 info package.json grunt-wiredep@2.0.0 No license field.
60 verbose readDependencies loading dependencies from C:\wamp\www\package.json
61 silly cache add args [ 'grunt-ttfautohint', null ]
62 verbose cache add spec grunt-ttfautohint
63 silly cache add parsed spec Result {
63 silly cache add   raw: 'grunt-ttfautohint',
63 silly cache add   scope: null,
63 silly cache add   name: 'grunt-ttfautohint',
63 silly cache add   rawSpec: '',
63 silly cache add   spec: '*',
63 silly cache add   type: 'range' }
64 silly addNamed grunt-ttfautohint@*
65 verbose addNamed "*" is a valid semver range for grunt-ttfautohint
66 silly addNameRange { name: 'grunt-ttfautohint', range: '*', hasData: false }
67 silly mapToRegistry name grunt-ttfautohint
68 silly mapToRegistry using default registry
69 silly mapToRegistry registry https://registry.npmjs.org/
70 silly mapToRegistry uri https://registry.npmjs.org/grunt-ttfautohint
71 verbose addNameRange registry:https://registry.npmjs.org/grunt-ttfautohint not in flight; fetching
72 verbose request uri https://registry.npmjs.org/grunt-ttfautohint
73 verbose request no auth needed
74 info attempt registry request try #1 at 17:37:42
75 verbose request id db5a14bbf5f36bc9
76 http request GET https://registry.npmjs.org/grunt-ttfautohint
77 http 404 https://registry.npmjs.org/grunt-ttfautohint
78 verbose headers { 'content-type': 'application/json',
78 verbose headers   'cache-control': 'max-age=0',
78 verbose headers   'content-length': '2',
78 verbose headers   'accept-ranges': 'bytes',
78 verbose headers   date: 'Mon, 04 Jan 2016 16:37:37 GMT',
78 verbose headers   via: '1.1 varnish',
78 verbose headers   age: '0',
78 verbose headers   connection: 'keep-alive',
78 verbose headers   'x-served-by': 'cache-fra1221-FRA',
78 verbose headers   'x-cache': 'MISS',
78 verbose headers   'x-cache-hits': '0',
78 verbose headers   'x-timer': 'S1451925456.381693,VS0,VE797' }
79 silly get cb [ 404,
79 silly get   { 'content-type': 'application/json',
79 silly get     'cache-control': 'max-age=0',
79 silly get     'content-length': '2',
79 silly get     'accept-ranges': 'bytes',
79 silly get     date: 'Mon, 04 Jan 2016 16:37:37 GMT',
79 silly get     via: '1.1 varnish',
79 silly get     age: '0',
79 silly get     connection: 'keep-alive',
79 silly get     'x-served-by': 'cache-fra1221-FRA',
79 silly get     'x-cache': 'MISS',
79 silly get     'x-cache-hits': '0',
79 silly get     'x-timer': 'S1451925456.381693,VS0,VE797' } ]
80 verbose stack Error: Registry returned 404 for GET on https://registry.npmjs.org/grunt-ttfautohint
80 verbose stack     at makeError (C:\Program Files\nodejs\node_modules\npm\node_modules\npm-registry-client\lib\request.js:264:12)
80 verbose stack     at CachingRegistryClient.<anonymous> (C:\Program Files\nodejs\node_modules\npm\node_modules\npm-registry-client\lib\request.js:242:14)
80 verbose stack     at Request._callback (C:\Program Files\nodejs\node_modules\npm\node_modules\npm-registry-client\lib\request.js:172:14)
80 verbose stack     at Request.self.callback (C:\Program Files\nodejs\node_modules\npm\node_modules\request\request.js:198:22)
80 verbose stack     at emitTwo (events.js:87:13)
80 verbose stack     at Request.emit (events.js:172:7)
80 verbose stack     at Request.<anonymous> (C:\Program Files\nodejs\node_modules\npm\node_modules\request\request.js:1063:14)
80 verbose stack     at emitOne (events.js:82:20)
80 verbose stack     at Request.emit (events.js:169:7)
80 verbose stack     at IncomingMessage.<anonymous> (C:\Program Files\nodejs\node_modules\npm\node_modules\request\request.js:1009:12)
81 verbose statusCode 404
82 verbose pkgid grunt-ttfautohint
83 verbose cwd C:\wamp\www
84 error Windows_NT 6.3.9600
85 error argv "C:\\Program Files\\nodejs\\node.exe" "C:\\Program Files\\nodejs\\node_modules\\npm\\bin\\npm-cli.js" "install" "grunt-ttfautohint" "--save-dev"
86 error node v4.2.3
87 error npm  v2.14.7
88 error code E404
89 error 404 Registry returned 404 for GET on https://registry.npmjs.org/grunt-ttfautohint
89 error 404
89 error 404 'grunt-ttfautohint' is not in the npm registry.
89 error 404 You should bug the author to publish it (or use the name yourself!)
89 error 404 It was specified as a dependency of 'reseed'
89 error 404
89 error 404 Note that you can also install from a
89 error 404 tarball, folder, http url, or git url.
90 verbose exit [ 1, true ]
